c:\programming\computer graphics and interaction\prodirectory\particlelab\debug\vc140.pdb
c:\programming\computer graphics and interaction\prodirectory\particlelab\debug\vc140.idb
c:\programming\computer graphics and interaction\prodirectory\particlelab\debug\boundingsphere.obj
c:\programming\computer graphics and interaction\prodirectory\particlelab\debug\main.obj
c:\programming\computer graphics and interaction\prodirectory\particlelab\debug\mymatrix.obj
c:\programming\computer graphics and interaction\prodirectory\particlelab\debug\myquat.obj
c:\programming\computer graphics and interaction\prodirectory\particlelab\debug\myvector.obj
c:\programming\computer graphics and interaction\prodirectory\particlelab\debug\objloader.obj
c:\programming\computer graphics and interaction\prodirectory\particlelab\debug\particlesystem.obj
c:\programming\computer graphics and interaction\prodirectory\particlelab\debug\tgaloader.obj
c:\programming\computer graphics and interaction\prodirectory\particlelab\debug\particlelab.ilk
c:\programming\computer graphics and interaction\prodirectory\particlelab\debug\particlelab.exe
c:\programming\computer graphics and interaction\prodirectory\particlelab\debug\particlelab.pdb
c:\programming\computer graphics and interaction\prodirectory\particlelab\.\debug\particlelab.exe
c:\programming\computer graphics and interaction\prodirectory\particlelab\debug\particlelab.tlog\cl.command.1.tlog
c:\programming\computer graphics and interaction\prodirectory\particlelab\debug\particlelab.tlog\cl.read.1.tlog
c:\programming\computer graphics and interaction\prodirectory\particlelab\debug\particlelab.tlog\cl.write.1.tlog
c:\programming\computer graphics and interaction\prodirectory\particlelab\debug\particlelab.tlog\link.command.1.tlog
c:\programming\computer graphics and interaction\prodirectory\particlelab\debug\particlelab.tlog\link.read.1.tlog
c:\programming\computer graphics and interaction\prodirectory\particlelab\debug\particlelab.tlog\link.write.1.tlog
